<?xml version="1.0" encoding="UTF-8"?>
<testng-results skipped="0" failed="0" total="1" passed="1">
  <reporter-output>
  </reporter-output>
  <suite name="Default suite" duration-ms="38954" started-at="2019-12-29T07:57:09Z" finished-at="2019-12-29T07:57:48Z">
    <groups>
    </groups>
    <test name="Default test" duration-ms="38954" started-at="2019-12-29T07:57:09Z" finished-at="2019-12-29T07:57:48Z">
      <class name="TCs.amazonTest">
        <test-method status="PASS" signature="setup()[pri:0, instance:TCs.amazonTest@6ea6d14e]" name="setup" is-config="true" duration-ms="14667" started-at="2019-12-29T13:27:09Z" finished-at="2019-12-29T13:27:24Z">
          <reporter-output>
          </reporter-output>
        </test-method> <!-- setup -->
        <test-method status="PASS" signature="a()[pri:0, instance:TCs.amazonTest@6ea6d14e]" name="a" duration-ms="23153" started-at="2019-12-29T13:27:24Z" finished-at="2019-12-29T13:27:47Z">
          <reporter-output>
          </reporter-output>
        </test-method> <!-- a -->
        <test-method status="PASS" signature="end()[pri:0, instance:TCs.amazonTest@6ea6d14e]" name="end" is-config="true" duration-ms="1118" started-at="2019-12-29T13:27:47Z" finished-at="2019-12-29T13:27:48Z">
          <reporter-output>
          </reporter-output>
        </test-method> <!-- end -->
      </class> <!-- TCs.amazonTest -->
    </test> <!-- Default test -->
  </suite> <!-- Default suite -->
</testng-results>
